<?xml version="1.0" encoding="UTF-8"?>
<!-- Generated by org.testng.reporters.JUnitXMLReporter -->
<testsuite hostname="DESKTOP-6HCF8H2" ignored="0" name="Default test" tests="3" failures="0" timestamp="04 Dec 2020 19:32:35 GMT" time="57.079" errors="0">
  <testcase name="verifyHomePageTtile" time="0.014" classname="com.qa.hubspot.logintest.HomePageTest"/>
  <testcase name="verifyHomepageHeader" time="0.383" classname="com.qa.hubspot.logintest.HomePageTest"/>
  <testcase name="verifyLoggedInUserTest" time="0.365" classname="com.qa.hubspot.logintest.HomePageTest"/>
</testsuite> <!-- Default test -->
