<?xml version="1.0" encoding="UTF-8"?>
<testng-results skipped="0" failed="0" ignored="0" total="3" passed="3">
  <reporter-output>
  </reporter-output>
  <suite name="Default suite" duration-ms="57079" started-at="2020-12-04T19:31:38Z" finished-at="2020-12-04T19:32:35Z">
    <groups>
    </groups>
    <test name="Default test" duration-ms="57079" started-at="2020-12-04T19:31:38Z" finished-at="2020-12-04T19:32:35Z">
      <class name="com.qa.hubspot.logintest.HomePageTest">
        <test-method status="PASS" signature="setup()[pri:0, instance:com.qa.hubspot.logintest.HomePageTest@1b083826]" name="setup" is-config="true" duration-ms="24391" started-at="2020-12-04T19:31:38Z" finished-at="2020-12-04T19:32:02Z">
          <reporter-output>
          </reporter-output>
        </test-method> <!-- setup -->
        <test-method status="PASS" signature="verifyHomePageTtile()[pri:1, instance:com.qa.hubspot.logintest.HomePageTest@1b083826]" name="verifyHomePageTtile" duration-ms="14" started-at="2020-12-04T19:32:02Z" finished-at="2020-12-04T19:32:02Z">
          <reporter-output>
          </reporter-output>
        </test-method> <!-- verifyHomePageTtile -->
        <test-method status="PASS" signature="teardown()[pri:0, instance:com.qa.hubspot.logintest.HomePageTest@1b083826]" name="teardown" is-config="true" duration-ms="788" started-at="2020-12-04T19:32:02Z" finished-at="2020-12-04T19:32:03Z">
          <reporter-output>
          </reporter-output>
        </test-method> <!-- teardown -->
        <test-method status="PASS" signature="setup()[pri:0, instance:com.qa.hubspot.logintest.HomePageTest@1b083826]" name="setup" is-config="true" duration-ms="14667" started-at="2020-12-04T19:32:03Z" finished-at="2020-12-04T19:32:17Z">
          <reporter-output>
          </reporter-output>
        </test-method> <!-- setup -->
        <test-method status="PASS" signature="verifyHomepageHeader()[pri:2, instance:com.qa.hubspot.logintest.HomePageTest@1b083826]" name="verifyHomepageHeader" duration-ms="383" started-at="2020-12-04T19:32:17Z" finished-at="2020-12-04T19:32:18Z">
          <reporter-output>
          </reporter-output>
        </test-method> <!-- verifyHomepageHeader -->
        <test-method status="PASS" signature="teardown()[pri:0, instance:com.qa.hubspot.logintest.HomePageTest@1b083826]" name="teardown" is-config="true" duration-ms="644" started-at="2020-12-04T19:32:18Z" finished-at="2020-12-04T19:32:18Z">
          <reporter-output>
          </reporter-output>
        </test-method> <!-- teardown -->
        <test-method status="PASS" signature="setup()[pri:0, instance:com.qa.hubspot.logintest.HomePageTest@1b083826]" name="setup" is-config="true" duration-ms="15164" started-at="2020-12-04T19:32:18Z" finished-at="2020-12-04T19:32:34Z">
          <reporter-output>
          </reporter-output>
        </test-method> <!-- setup -->
        <test-method status="PASS" signature="verifyLoggedInUserTest()[pri:3, instance:com.qa.hubspot.logintest.HomePageTest@1b083826]" name="verifyLoggedInUserTest" duration-ms="365" started-at="2020-12-04T19:32:34Z" finished-at="2020-12-04T19:32:34Z">
          <reporter-output>
          </reporter-output>
        </test-method> <!-- verifyLoggedInUserTest -->
        <test-method status="PASS" signature="teardown()[pri:0, instance:com.qa.hubspot.logintest.HomePageTest@1b083826]" name="teardown" is-config="true" duration-ms="632" started-at="2020-12-04T19:32:34Z" finished-at="2020-12-04T19:32:35Z">
          <reporter-output>
          </reporter-output>
        </test-method> <!-- teardown -->
      </class> <!-- com.qa.hubspot.logintest.HomePageTest -->
    </test> <!-- Default test -->
  </suite> <!-- Default suite -->
</testng-results>
