<?xml version="1.0" encoding="UTF-8"?>
<!-- Generated by org.testng.reporters.JUnitXMLReporter -->
<testsuite hostname="DESKTOP-6HCF8H2" ignored="0" name="MY YOUR LOGO  FUNCTIONAL REGRESSION TEST" tests="6" failures="0" timestamp="20 Nov 2020 21:03:41 GMT" time="136.976" errors="0">
  <testcase name="verifyLoginPageTitle" time="20.04" classname="com.qa.hubspot.logintest.LoginPageTest"/>
  <testcase name="verifyHomePageTtile" time="0.022" classname="com.qa.hubspot.logintest.HomePageTest"/>
  <testcase name="verifyForgotPwdTest" time="10.079" classname="com.qa.hubspot.logintest.LoginPageTest"/>
  <testcase name="verifyHomepageHeader" time="0.043" classname="com.qa.hubspot.logintest.HomePageTest"/>
  <testcase name="LoginTest" time="26.154" classname="com.qa.hubspot.logintest.LoginPageTest"/>
  <testcase name="verifyLoggedInUserTest" time="0.051" classname="com.qa.hubspot.logintest.HomePageTest"/>
</testsuite> <!-- MY YOUR LOGO  FUNCTIONAL REGRESSION TEST -->
